{"name":"Log","hostname":"Manuels-Mac-mini.local","pid":19760,"level":30,"version":"6.10.3","worker":{"resourceLimits":{"maxYoungGenerationSizeMb":48,"maxOldGenerationSizeMb":4096,"codeRangeSizeMb":0,"stackSizeMb":4},"threadId":134},"msg":"Worker for job \"mentions-email-report\" online","time":"2026-01-08T00:12:43.990Z","v":0}
{"name":"Log","hostname":"Manuels-Mac-mini.local","pid":19760,"level":30,"version":"6.10.3","msg":"Worker for job mentions-email-report sent a message: done","time":"2026-01-08T00:12:43.992Z","v":0}
{"name":"Log","hostname":"Manuels-Mac-mini.local","pid":19760,"level":30,"version":"6.10.3","worker":{"resourceLimits":{"maxYoungGenerationSizeMb":48,"maxOldGenerationSizeMb":4096,"codeRangeSizeMb":0,"stackSizeMb":4},"threadId":135},"msg":"Worker for job \"mentions-email-report\" online","time":"2026-01-08T01:12:44.003Z","v":0}
{"name":"Log","hostname":"Manuels-Mac-mini.local","pid":19760,"level":30,"version":"6.10.3","msg":"Worker for job mentions-email-report sent a message: done","time":"2026-01-08T01:12:44.006Z","v":0}
{"name":"Log","hostname":"Manuels-Mac-mini.local","pid":19760,"level":30,"version":"6.10.3","worker":{"resourceLimits":{"maxYoungGenerationSizeMb":48,"maxOldGenerationSizeMb":4096,"codeRangeSizeMb":0,"stackSizeMb":4},"threadId":136},"msg":"Worker for job \"mentions-email-report\" online","time":"2026-01-08T02:12:43.995Z","v":0}
{"name":"Log","hostname":"Manuels-Mac-mini.local","pid":19760,"level":30,"version":"6.10.3","msg":"Worker for job mentions-email-report sent a message: done","time":"2026-01-08T02:12:43.999Z","v":0}
{"name":"Log","hostname":"Manuels-Mac-mini.local","pid":19760,"level":30,"version":"6.10.3","worker":{"resourceLimits":{"maxYoungGenerationSizeMb":48,"maxOldGenerationSizeMb":4096,"codeRangeSizeMb":0,"stackSizeMb":4},"threadId":137},"msg":"Worker for job \"mentions-email-report\" online","time":"2026-01-08T03:12:44.021Z","v":0}
{"name":"Log","hostname":"Manuels-Mac-mini.local","pid":19760,"level":30,"version":"6.10.3","msg":"Worker for job mentions-email-report sent a message: done","time":"2026-01-08T03:12:44.023Z","v":0}
{"name":"Log","hostname":"Manuels-Mac-mini.local","pid":19760,"level":30,"version":"6.10.3","worker":{"resourceLimits":{"maxYoungGenerationSizeMb":48,"maxOldGenerationSizeMb":4096,"codeRangeSizeMb":0,"stackSizeMb":4},"threadId":138},"msg":"Worker for job \"mentions-email-report\" online","time":"2026-01-08T04:12:44.084Z","v":0}
{"name":"Log","hostname":"Manuels-Mac-mini.local","pid":19760,"level":30,"version":"6.10.3","msg":"Worker for job mentions-email-report sent a message: done","time":"2026-01-08T04:12:44.088Z","v":0}
{"name":"Log","hostname":"Manuels-Mac-mini.local","pid":19760,"level":30,"version":"6.10.3","worker":{"resourceLimits":{"maxYoungGenerationSizeMb":48,"maxOldGenerationSizeMb":4096,"codeRangeSizeMb":0,"stackSizeMb":4},"threadId":139},"msg":"Worker for job \"mentions-email-report\" online","time":"2026-01-08T05:12:43.084Z","v":0}
{"name":"Log","hostname":"Manuels-Mac-mini.local","pid":19760,"level":30,"version":"6.10.3","msg":"Worker for job mentions-email-report sent a message: done","time":"2026-01-08T05:12:43.089Z","v":0}
{"name":"Log","hostname":"Manuels-Mac-mini.local","pid":19760,"level":30,"version":"6.10.3","worker":{"resourceLimits":{"maxYoungGenerationSizeMb":48,"maxOldGenerationSizeMb":4096,"codeRangeSizeMb":0,"stackSizeMb":4},"threadId":140},"msg":"Worker for job \"clean-tokens\" online","time":"2026-01-08T06:09:46.121Z","v":0}
{"name":"Log","hostname":"Manuels-Mac-mini.local","pid":19760,"level":30,"version":"6.10.3","msg":"Worker for job clean-tokens sent a message: Removed 0 tokens created before 2026-01-07T06:09:46.139Z in 255ms","time":"2026-01-08T06:09:46.394Z","v":0}
{"name":"Log","hostname":"Manuels-Mac-mini.local","pid":19760,"level":30,"version":"6.10.3","msg":"Worker for job clean-tokens sent a message: done","time":"2026-01-08T06:09:46.394Z","v":0}
{"name":"Log","hostname":"Manuels-Mac-mini.local","pid":19760,"level":30,"version":"6.10.3","worker":{"resourceLimits":{"maxYoungGenerationSizeMb":48,"maxOldGenerationSizeMb":4096,"codeRangeSizeMb":0,"stackSizeMb":4},"threadId":141},"msg":"Worker for job \"mentions-email-report\" online","time":"2026-01-08T06:12:43.062Z","v":0}
{"name":"Log","hostname":"Manuels-Mac-mini.local","pid":19760,"level":30,"version":"6.10.3","msg":"Worker for job mentions-email-report sent a message: done","time":"2026-01-08T06:12:43.064Z","v":0}
{"name":"Log","hostname":"Manuels-Mac-mini.local","pid":19760,"level":30,"version":"6.10.3","worker":{"resourceLimits":{"maxYoungGenerationSizeMb":48,"maxOldGenerationSizeMb":4096,"codeRangeSizeMb":0,"stackSizeMb":4},"threadId":142},"msg":"Worker for job \"mentions-email-report\" online","time":"2026-01-08T07:12:43.054Z","v":0}
{"name":"Log","hostname":"Manuels-Mac-mini.local","pid":19760,"level":30,"version":"6.10.3","msg":"Worker for job mentions-email-report sent a message: done","time":"2026-01-08T07:12:43.056Z","v":0}
{"name":"Log","hostname":"Manuels-Mac-mini.local","pid":19760,"level":30,"version":"6.10.3","worker":{"resourceLimits":{"maxYoungGenerationSizeMb":48,"maxOldGenerationSizeMb":4096,"codeRangeSizeMb":0,"stackSizeMb":4},"threadId":143},"msg":"Worker for job \"mentions-email-report\" online","time":"2026-01-08T08:12:43.051Z","v":0}
{"name":"Log","hostname":"Manuels-Mac-mini.local","pid":19760,"level":30,"version":"6.10.3","msg":"Worker for job mentions-email-report sent a message: done","time":"2026-01-08T08:12:43.053Z","v":0}
{"name":"Log","hostname":"Manuels-Mac-mini.local","pid":19760,"level":30,"version":"6.10.3","worker":{"resourceLimits":{"maxYoungGenerationSizeMb":48,"maxOldGenerationSizeMb":4096,"codeRangeSizeMb":0,"stackSizeMb":4},"threadId":144},"msg":"Worker for job \"mentions-email-report\" online","time":"2026-01-08T09:12:43.038Z","v":0}
{"name":"Log","hostname":"Manuels-Mac-mini.local","pid":19760,"level":30,"version":"6.10.3","msg":"Worker for job mentions-email-report sent a message: done","time":"2026-01-08T09:12:43.039Z","v":0}
{"name":"Log","hostname":"Manuels-Mac-mini.local","pid":19760,"level":30,"version":"6.10.3","worker":{"resourceLimits":{"maxYoungGenerationSizeMb":48,"maxOldGenerationSizeMb":4096,"codeRangeSizeMb":0,"stackSizeMb":4},"threadId":145},"msg":"Worker for job \"clean-expired-comped\" online","time":"2026-01-08T09:56:24.982Z","v":0}
{"name":"Log","hostname":"Manuels-Mac-mini.local","pid":19760,"level":30,"version":"6.10.3","msg":"Worker for job clean-expired-comped sent a message: Removed 0 expired subscriptions, updated 0 members in 245ms","time":"2026-01-08T09:56:25.251Z","v":0}
{"name":"Log","hostname":"Manuels-Mac-mini.local","pid":19760,"level":30,"version":"6.10.3","msg":"Worker for job clean-expired-comped sent a message: done","time":"2026-01-08T09:56:25.252Z","v":0}
{"name":"Log","hostname":"Manuels-Mac-mini.local","pid":19760,"level":30,"version":"6.10.3","worker":{"resourceLimits":{"maxYoungGenerationSizeMb":48,"maxOldGenerationSizeMb":4096,"codeRangeSizeMb":0,"stackSizeMb":4},"threadId":146},"msg":"Worker for job \"clean-expired-comped\" online","time":"2026-01-08T09:56:25.985Z","v":0}
{"name":"Log","hostname":"Manuels-Mac-mini.local","pid":19760,"level":30,"version":"6.10.3","msg":"Worker for job clean-expired-comped sent a message: Removed 0 expired subscriptions, updated 0 members in 107ms","time":"2026-01-08T09:56:26.104Z","v":0}
{"name":"Log","hostname":"Manuels-Mac-mini.local","pid":19760,"level":30,"version":"6.10.3","msg":"Worker for job clean-expired-comped sent a message: done","time":"2026-01-08T09:56:26.104Z","v":0}
{"name":"Log","hostname":"Manuels-Mac-mini.local","pid":19760,"level":30,"version":"6.10.3","worker":{"resourceLimits":{"maxYoungGenerationSizeMb":48,"maxOldGenerationSizeMb":4096,"codeRangeSizeMb":0,"stackSizeMb":4},"threadId":147},"msg":"Worker for job \"mentions-email-report\" online","time":"2026-01-08T10:12:43.028Z","v":0}
{"name":"Log","hostname":"Manuels-Mac-mini.local","pid":19760,"level":30,"version":"6.10.3","msg":"Worker for job mentions-email-report sent a message: done","time":"2026-01-08T10:12:43.030Z","v":0}
{"name":"Log","hostname":"Manuels-Mac-mini.local","pid":19760,"level":30,"version":"6.10.3","worker":{"resourceLimits":{"maxYoungGenerationSizeMb":48,"maxOldGenerationSizeMb":4096,"codeRangeSizeMb":0,"stackSizeMb":4},"threadId":148},"msg":"Worker for job \"mentions-email-report\" online","time":"2026-01-08T11:12:43.015Z","v":0}
{"name":"Log","hostname":"Manuels-Mac-mini.local","pid":19760,"level":30,"version":"6.10.3","msg":"Worker for job mentions-email-report sent a message: done","time":"2026-01-08T11:12:43.018Z","v":0}
{"name":"Log","hostname":"Manuels-Mac-mini.local","pid":19760,"level":30,"version":"6.10.3","worker":{"resourceLimits":{"maxYoungGenerationSizeMb":48,"maxOldGenerationSizeMb":4096,"codeRangeSizeMb":0,"stackSizeMb":4},"threadId":149},"msg":"Worker for job \"mentions-email-report\" online","time":"2026-01-08T11:12:44.020Z","v":0}
{"name":"Log","hostname":"Manuels-Mac-mini.local","pid":19760,"level":30,"version":"6.10.3","msg":"Worker for job mentions-email-report sent a message: done","time":"2026-01-08T11:12:44.021Z","v":0}
{"name":"Log","hostname":"Manuels-Mac-mini.local","pid":19760,"level":30,"version":"6.10.3","worker":{"resourceLimits":{"maxYoungGenerationSizeMb":48,"maxOldGenerationSizeMb":4096,"codeRangeSizeMb":0,"stackSizeMb":4},"threadId":150},"msg":"Worker for job \"mentions-email-report\" online","time":"2026-01-08T12:12:44.007Z","v":0}
{"name":"Log","hostname":"Manuels-Mac-mini.local","pid":19760,"level":30,"version":"6.10.3","msg":"Worker for job mentions-email-report sent a message: done","time":"2026-01-08T12:12:44.008Z","v":0}
{"name":"Log","hostname":"Manuels-Mac-mini.local","pid":19760,"level":30,"version":"6.10.3","worker":{"resourceLimits":{"maxYoungGenerationSizeMb":48,"maxOldGenerationSizeMb":4096,"codeRangeSizeMb":0,"stackSizeMb":4},"threadId":151},"msg":"Worker for job \"mentions-email-report\" online","time":"2026-01-08T13:12:42.206Z","v":0}
{"name":"Log","hostname":"Manuels-Mac-mini.local","pid":19760,"level":30,"version":"6.10.3","msg":"Worker for job mentions-email-report sent a message: done","time":"2026-01-08T13:12:42.209Z","v":0}
{"name":"Log","hostname":"Manuels-Mac-mini.local","pid":19760,"level":30,"version":"6.10.3","worker":{"resourceLimits":{"maxYoungGenerationSizeMb":48,"maxOldGenerationSizeMb":4096,"codeRangeSizeMb":0,"stackSizeMb":4},"threadId":152},"msg":"Worker for job \"mentions-email-report\" online","time":"2026-01-08T13:12:43.209Z","v":0}
{"name":"Log","hostname":"Manuels-Mac-mini.local","pid":19760,"level":30,"version":"6.10.3","msg":"Worker for job mentions-email-report sent a message: done","time":"2026-01-08T13:12:43.210Z","v":0}
{"name":"Log","hostname":"Manuels-Mac-mini.local","pid":19760,"level":40,"version":"6.10.3","msg":"Ghost is shutting down","time":"2026-01-08T14:00:07.026Z","v":0}
{"name":"Log","hostname":"Manuels-Mac-mini.local","pid":19760,"level":40,"version":"6.10.3","msg":"Ghost has shut down","time":"2026-01-08T14:00:07.175Z","v":0}
{"name":"Log","hostname":"Manuels-Mac-mini.local","pid":19760,"level":40,"version":"6.10.3","msg":"Your site is now offline","time":"2026-01-08T14:00:07.175Z","v":0}
{"name":"Log","hostname":"Manuels-Mac-mini.local","pid":19760,"level":40,"version":"6.10.3","msg":"Ghost was running for 6 days","time":"2026-01-08T14:00:07.201Z","v":0}
